<?xml version="1.0" encoding="utf-8"?>
<TestRun id="b4d9e3ce-78e4-45a9-b3d4-c718b745c976" name="@runnervm0kj6c 2026-03-05 10:36:00" xmlns="http://microsoft.com/schemas/VisualStudio/TeamTest/2010">
  <Times creation="2026-03-05T10:36:00.5156070+00:00" queuing="2026-03-05T10:36:00.5156070+00:00" start="2026-03-05T10:35:58.6717537+00:00" finish="2026-03-05T10:36:00.5232530+00:00" />
  <TestSettings name="default" id="a34c11ae-cd3e-4162-a535-1aa7f22b7158">
    <Deployment runDeploymentRoot="_runnervm0kj6c_2026-03-05_10_36_00" />
  </TestSettings>
  <Results>
    <UnitTestResult executionId="0a3875d0-5b12-4ec4-8766-476cba6070e8" testId="cb21731c-6c0d-246e-abfc-cc63b6fa4de1" testName="SharpClaw.Web.End2EndTests.ControlUiEnd2EndTests.SendThenAbort_RunLifecycleWorksThroughControlUiEndpoints" computerName="runnervm0kj6c" duration="00:00:00.2074491" startTime="2026-03-05T10:36:00.1723735+00:00" endTime="2026-03-05T10:36:00.3545374+00:00" testType="13cdc9d9-ddb5-4fa4-a97d-d965ccfc6d4b" outcome="Passed" testListId="8c84fa94-04c1-424b-9868-57a2d4851a1d" relativeResultsDirectory="0a3875d0-5b12-4ec4-8766-476cba6070e8" />
    <UnitTestResult executionId="8c2c43ee-728f-4be6-9d4b-ab95a4aae34f" testId="4d58c1f7-07a4-6055-cd44-83f9183e9c12" testName="SharpClaw.Web.End2EndTests.ControlUiEnd2EndTests.AbortEndpoint_ReturnsBadRequestWhenRunIdMissing" computerName="runnervm0kj6c" duration="00:00:00.7765112" startTime="2026-03-05T10:35:59.4113337+00:00" endTime="2026-03-05T10:36:00.1452568+00:00" testType="13cdc9d9-ddb5-4fa4-a97d-d965ccfc6d4b" outcome="Passed" testListId="8c84fa94-04c1-424b-9868-57a2d4851a1d" relativeResultsDirectory="8c2c43ee-728f-4be6-9d4b-ab95a4aae34f" />
  </Results>
  <TestDefinitions>
    <UnitTest name="SharpClaw.Web.End2EndTests.ControlUiEnd2EndTests.AbortEndpoint_ReturnsBadRequestWhenRunIdMissing" storage="/home/runner/work/sharpclaw/sharpclaw/tests/sharpclaw.web.end2endtests/bin/release/net10.0/sharpclaw.web.end2endtests.dll" id="4d58c1f7-07a4-6055-cd44-83f9183e9c12">
      <Execution id="8c2c43ee-728f-4be6-9d4b-ab95a4aae34f" />
      <TestMethod codeBase="/home/runner/work/SharpClaw/SharpClaw/tests/SharpClaw.Web.End2EndTests/bin/Release/net10.0/SharpClaw.Web.End2EndTests.dll" adapterTypeName="executor://xunit/VsTestRunner3/netcore/" className="SharpClaw.Web.End2EndTests.ControlUiEnd2EndTests" name="AbortEndpoint_ReturnsBadRequestWhenRunIdMissing" />
    </UnitTest>
    <UnitTest name="SharpClaw.Web.End2EndTests.ControlUiEnd2EndTests.SendThenAbort_RunLifecycleWorksThroughControlUiEndpoints" storage="/home/runner/work/sharpclaw/sharpclaw/tests/sharpclaw.web.end2endtests/bin/release/net10.0/sharpclaw.web.end2endtests.dll" id="cb21731c-6c0d-246e-abfc-cc63b6fa4de1">
      <Execution id="0a3875d0-5b12-4ec4-8766-476cba6070e8" />
      <TestMethod codeBase="/home/runner/work/SharpClaw/SharpClaw/tests/SharpClaw.Web.End2EndTests/bin/Release/net10.0/SharpClaw.Web.End2EndTests.dll" adapterTypeName="executor://xunit/VsTestRunner3/netcore/" className="SharpClaw.Web.End2EndTests.ControlUiEnd2EndTests" name="SendThenAbort_RunLifecycleWorksThroughControlUiEndpoints" />
    </UnitTest>
  </TestDefinitions>
  <TestEntries>
    <TestEntry testId="cb21731c-6c0d-246e-abfc-cc63b6fa4de1" executionId="0a3875d0-5b12-4ec4-8766-476cba6070e8" testListId="8c84fa94-04c1-424b-9868-57a2d4851a1d" />
    <TestEntry testId="4d58c1f7-07a4-6055-cd44-83f9183e9c12" executionId="8c2c43ee-728f-4be6-9d4b-ab95a4aae34f" testListId="8c84fa94-04c1-424b-9868-57a2d4851a1d" />
  </TestEntries>
  <TestLists>
    <TestList name="Results Not in a List" id="8c84fa94-04c1-424b-9868-57a2d4851a1d" />
    <TestList name="All Loaded Results" id="19431567-8539-422a-85d7-44ee4e166bda" />
  </TestLists>
  <ResultSummary outcome="Completed">
    <Counters total="2" executed="2" passed="2" failed="0" error="0" timeout="0" aborted="0" inconclusive="0" passedButRunAborted="0" notRunnable="0" notExecuted="0" disconnected="0" warning="0" completed="0" inProgress="0" pending="0" />
    <Output>
      <StdOut>[xUnit.net 00:00:00.00] xUnit.net VSTest Adapter v3.0.2+dd36e86129 (64-bit .NET 10.0.3)
[xUnit.net 00:00:00.07]   Discovering: SharpClaw.Web.End2EndTests
[xUnit.net 00:00:00.11]   Discovered:  SharpClaw.Web.End2EndTests
[xUnit.net 00:00:00.13]   Starting:    SharpClaw.Web.End2EndTests
info: SharpClaw.Execution.Docker.DockerSandboxProvider[0]
      Docker sandbox provider initialized with URI: unix:///var/run/docker.sock
warn: SharpClaw.Execution.Daytona.DaytonaSandboxProvider[0]
      Daytona sandbox provider not configured - API key not provided. Provider will fail when used.
info: SharpClaw.Execution.Kubernetes.KubernetesSandboxProvider[0]
      Kubernetes sandbox provider initialized for namespace: sharpclaw-sandboxes
info: SharpClaw.Gateway.Keepalive.KeepaliveBackgroundService[0]
      Keepalive service started with interval 15s and timeout 45s
info: Microsoft.EntityFrameworkCore.Update[30100]
      Saved 1 entities to in-memory store.
info: SharpClaw.Identity.IdentityService[0]
      Device device-e2e authorized with scopes operator:write
info: SharpClaw.Execution.Docker.DockerSandboxProvider[0]
      Creating Docker container: sharpclaw-78a078c932264fa29d3efb27d77900cb
info: SharpClaw.Identity.IdentityService[0]
      Device device-e2e authorized with scopes operator:write
info: SharpClaw.Execution.Docker.DockerSandboxProvider[0]
      Container sharpclaw-78a078c932264fa29d3efb27d77900cb created with ID f8a0700886d4
info: SharpClaw.Gateway.Keepalive.KeepaliveBackgroundService[0]
      Keepalive service stopping gracefully
[xUnit.net 00:00:01.17]   Finished:    SharpClaw.Web.End2EndTests
</StdOut>
    </Output>
    <RunInfos>
      <RunInfo computerName="runnervm0kj6c" outcome="Warning" timestamp="2026-03-05T10:36:00.4402730+00:00">
        <Text>Data collector 'Blame' message: All tests finished running, Sequence file will not be generated.</Text>
      </RunInfo>
    </RunInfos>
  </ResultSummary>
</TestRun>